19:08:29 [DEBUG] (1) cs2_sdk::analysis::buttons: found "lookatweapon" at 0x7FFC1703B4D0 (client.dll + 0x237B4D0)
19:08:29 [DEBUG] (1) cs2_sdk::analysis::buttons: found "zoom" at 0x7FFC1703B440 (client.dll + 0x237B440)
19:08:29 [DEBUG] (1) cs2_sdk::analysis::buttons: found "showscores" at 0x7FFC1703B3B0 (client.dll + 0x237B3B0)
19:08:29 [DEBUG] (1) cs2_sdk::analysis::buttons: found "duck" at 0x7FFC16D4A0B0 (client.dll + 0x208A0B0)
19:08:29 [DEBUG] (1) cs2_sdk::analysis::buttons: found "jump" at 0x7FFC16D4A020 (client.dll + 0x208A020)
19:08:29 [DEBUG] (1) cs2_sdk::analysis::buttons: found "use" at 0x7FFC16D49F90 (client.dll + 0x2089F90)
19:08:29 [DEBUG] (1) cs2_sdk::analysis::buttons: found "right" at 0x7FFC16D49F00 (client.dll + 0x2089F00)
19:08:29 [DEBUG] (1) cs2_sdk::analysis::buttons: found "left" at 0x7FFC16D49E70 (client.dll + 0x2089E70)
19:08:29 [DEBUG] (1) cs2_sdk::analysis::buttons: found "back" at 0x7FFC16D49DE0 (client.dll + 0x2089DE0)
19:08:29 [DEBUG] (1) cs2_sdk::analysis::buttons: found "forward" at 0x7FFC16D49D50 (client.dll + 0x2089D50)
19:08:29 [DEBUG] (1) cs2_sdk::analysis::buttons: found "turnright" at 0x7FFC16D49CC0 (client.dll + 0x2089CC0)
19:08:29 [DEBUG] (1) cs2_sdk::analysis::buttons: found "turnleft" at 0x7FFC16D49C30 (client.dll + 0x2089C30)
19:08:29 [DEBUG] (1) cs2_sdk::analysis::buttons: found "attack2" at 0x7FFC16D49BA0 (client.dll + 0x2089BA0)
19:08:29 [DEBUG] (1) cs2_sdk::analysis::buttons: found "attack" at 0x7FFC16D49B10 (client.dll + 0x2089B10)
19:08:29 [DEBUG] (1) cs2_sdk::analysis::buttons: found "reload" at 0x7FFC16D49A80 (client.dll + 0x2089A80)
19:08:29 [DEBUG] (1) cs2_sdk::analysis::buttons: found "sprint" at 0x7FFC16D499F0 (client.dll + 0x20899F0)
19:08:29 [INFO] found 16 buttons
19:08:29 [DEBUG] (1) cs2_sdk::analysis::interfaces: found "VStringTokenSystem001" at 0x7FFC7B6A00B0 (tier0.dll + 0x3D00B0)
19:08:29 [DEBUG] (1) cs2_sdk::analysis::interfaces: found "TestScriptMgr001" at 0x7FFC7B66E6F0 (tier0.dll + 0x39E6F0)
19:08:29 [DEBUG] (1) cs2_sdk::analysis::interfaces: found "VProcessUtils002" at 0x7FFC7B66E690 (tier0.dll + 0x39E690)
19:08:29 [DEBUG] (1) cs2_sdk::analysis::interfaces: found "VEngineCvar007" at 0x7FFC7B6793B0 (tier0.dll + 0x3A93B0)
19:08:29 [DEBUG] (1) cs2_sdk::analysis::interfaces: found "SimpleEngineLoopService_001" at 0x7FFC28A333F0 (engine2.dll + 0x6133F0)
19:08:29 [DEBUG] (1) cs2_sdk::analysis::interfaces: found "ClientServerEngineLoopService_001" at 0x7FFC28D2C0E0 (engine2.dll + 0x90C0E0)
19:08:29 [DEBUG] (1) cs2_sdk::analysis::interfaces: found "KeyValueCache001" at 0x7FFC28A33390 (engine2.dll + 0x613390)
19:08:29 [DEBUG] (1) cs2_sdk::analysis::interfaces: found "HostStateMgr001" at 0x7FFC28A332E0 (engine2.dll + 0x6132E0)
19:08:29 [DEBUG] (1) cs2_sdk::analysis::interfaces: found "GameEventSystemServerV001" at 0x7FFC28D2BDD0 (engine2.dll + 0x90BDD0)
19:08:29 [DEBUG] (1) cs2_sdk::analysis::interfaces: found "GameEventSystemClientV001" at 0x7FFC28D2BCA0 (engine2.dll + 0x90BCA0)
19:08:29 [DEBUG] (1) cs2_sdk::analysis::interfaces: found "EngineServiceMgr001" at 0x7FFC28D2B9C0 (engine2.dll + 0x90B9C0)
19:08:29 [DEBUG] (1) cs2_sdk::analysis::interfaces: found "ClientServerSharedHandleSystem001" at 0x7FFC28D2B690 (engine2.dll + 0x90B690)
19:08:29 [DEBUG] (1) cs2_sdk::analysis::interfaces: found "VProfService_001" at 0x7FFC28A33190 (engine2.dll + 0x613190)
19:08:29 [DEBUG] (1) cs2_sdk::analysis::interfaces: found "ToolService_001" at 0x7FFC28A33150 (engine2.dll + 0x613150)
19:08:29 [DEBUG] (1) cs2_sdk::analysis::interfaces: found "StatsService_001" at 0x7FFC28D2AEE0 (engine2.dll + 0x90AEE0)
19:08:29 [DEBUG] (1) cs2_sdk::analysis::interfaces: found "SplitScreenService_001" at 0x7FFC28A32F90 (engine2.dll + 0x612F90)
19:08:29 [DEBUG] (1) cs2_sdk::analysis::interfaces: found "SoundService_001" at 0x7FFC28A32CB0 (engine2.dll + 0x612CB0)
19:08:29 [DEBUG] (1) cs2_sdk::analysis::interfaces: found "ScreenshotService001" at 0x7FFC28D2AB20 (engine2.dll + 0x90AB20)
19:08:29 [DEBUG] (1) cs2_sdk::analysis::interfaces: found "RenderService_001" at 0x7FFC28D2A860 (engine2.dll + 0x90A860)
19:08:29 [DEBUG] (1) cs2_sdk::analysis::interfaces: found "NetworkService_001" at 0x7FFC28A32C70 (engine2.dll + 0x612C70)
19:08:29 [DEBUG] (1) cs2_sdk::analysis::interfaces: found "NetworkServerService_001" at 0x7FFC28D2A5F0 (engine2.dll + 0x90A5F0)
19:08:29 [DEBUG] (1) cs2_sdk::analysis::interfaces: found "NetworkP2PService_001" at 0x7FFC28D2A440 (engine2.dll + 0x90A440)
19:08:29 [DEBUG] (1) cs2_sdk::analysis::interfaces: found "NetworkClientService_001" at 0x7FFC28D2A100 (engine2.dll + 0x90A100)
19:08:29 [DEBUG] (1) cs2_sdk::analysis::interfaces: found "MapListService_001" at 0x7FFC28D29F70 (engine2.dll + 0x909F70)
19:08:29 [DEBUG] (1) cs2_sdk::analysis::interfaces: found "InputService_001" at 0x7FFC28CEB100 (engine2.dll + 0x8CB100)
19:08:29 [DEBUG] (1) cs2_sdk::analysis::interfaces: found "GameUIService_001" at 0x7FFC28CEAE10 (engine2.dll + 0x8CAE10)
19:08:29 [DEBUG] (1) cs2_sdk::analysis::interfaces: found "GameResourceServiceServerV001" at 0x7FFC28A32B00 (engine2.dll + 0x612B00)
19:08:29 [DEBUG] (1) cs2_sdk::analysis::interfaces: found "GameResourceServiceClientV001" at 0x7FFC28A32AA0 (engine2.dll + 0x612AA0)
19:08:29 [DEBUG] (1) cs2_sdk::analysis::interfaces: found "BugService001" at 0x7FFC28CEA9E0 (engine2.dll + 0x8CA9E0)
19:08:29 [DEBUG] (1) cs2_sdk::analysis::interfaces: found "BenchmarkService001" at 0x7FFC28A329A0 (engine2.dll + 0x6129A0)
19:08:29 [DEBUG] (1) cs2_sdk::analysis::interfaces: found "VENGINE_GAMEUIFUNCS_VERSION005" at 0x7FFC28A30330 (engine2.dll + 0x610330)
19:08:29 [DEBUG] (1) cs2_sdk::analysis::interfaces: found "EngineGameUI001" at 0x7FFC28A302A0 (engine2.dll + 0x6102A0)
19:08:29 [DEBUG] (1) cs2_sdk::analysis::interfaces: found "INETSUPPORT_001" at 0x7FFC28A2C040 (engine2.dll + 0x60C040)
19:08:29 [DEBUG] (1) cs2_sdk::analysis::interfaces: found "Source2EngineToServerStringTable001" at 0x7FFC28A2FCA0 (engine2.dll + 0x60FCA0)
19:08:29 [DEBUG] (1) cs2_sdk::analysis::interfaces: found "Source2EngineToServer001" at 0x7FFC28A2FC78 (engine2.dll + 0x60FC78)
19:08:29 [DEBUG] (1) cs2_sdk::analysis::interfaces: found "Source2EngineToClientStringTable001" at 0x7FFC28A2FC00 (engine2.dll + 0x60FC00)
19:08:29 [DEBUG] (1) cs2_sdk::analysis::interfaces: found "Source2EngineToClient001" at 0x7FFC28A2FBA0 (engine2.dll + 0x60FBA0)
19:08:29 [DEBUG] (1) cs2_sdk::analysis::interfaces: found "IVALIDATE001" at 0x7FFC3795E0B8 (steamclient64.dll + 0x16BE0B8)
19:08:29 [DEBUG] (1) cs2_sdk::analysis::interfaces: found "SteamClient023" at 0x7FFC3795B5A8 (steamclient64.dll + 0x16BB5A8)
19:08:29 [DEBUG] (1) cs2_sdk::analysis::interfaces: found "SteamClient022" at 0x7FFC3795B5A0 (steamclient64.dll + 0x16BB5A0)
19:08:29 [DEBUG] (1) cs2_sdk::analysis::interfaces: found "SteamClient021" at 0x7FFC3795B598 (steamclient64.dll + 0x16BB598)
19:08:29 [DEBUG] (1) cs2_sdk::analysis::interfaces: found "SteamClient020" at 0x7FFC3795B590 (steamclient64.dll + 0x16BB590)
19:08:29 [DEBUG] (1) cs2_sdk::analysis::interfaces: found "SteamClient019" at 0x7FFC3795B588 (steamclient64.dll + 0x16BB588)
19:08:29 [DEBUG] (1) cs2_sdk::analysis::interfaces: found "SteamClient018" at 0x7FFC3795B580 (steamclient64.dll + 0x16BB580)
19:08:29 [DEBUG] (1) cs2_sdk::analysis::interfaces: found "SteamClient017" at 0x7FFC3795B578 (steamclient64.dll + 0x16BB578)
19:08:29 [DEBUG] (1) cs2_sdk::analysis::interfaces: found "SteamClient016" at 0x7FFC3795B570 (steamclient64.dll + 0x16BB570)
19:08:29 [DEBUG] (1) cs2_sdk::analysis::interfaces: found "SteamClient015" at 0x7FFC3795B568 (steamclient64.dll + 0x16BB568)
19:08:29 [DEBUG] (1) cs2_sdk::analysis::interfaces: found "SteamClient014" at 0x7FFC3795B560 (steamclient64.dll + 0x16BB560)
19:08:29 [DEBUG] (1) cs2_sdk::analysis::interfaces: found "SteamClient013" at 0x7FFC3795B558 (steamclient64.dll + 0x16BB558)
19:08:29 [DEBUG] (1) cs2_sdk::analysis::interfaces: found "SteamClient012" at 0x7FFC3795B550 (steamclient64.dll + 0x16BB550)
19:08:29 [DEBUG] (1) cs2_sdk::analysis::interfaces: found "SteamClient011" at 0x7FFC3795B548 (steamclient64.dll + 0x16BB548)
19:08:29 [DEBUG] (1) cs2_sdk::analysis::interfaces: found "SteamClient010" at 0x7FFC3795B540 (steamclient64.dll + 0x16BB540)
19:08:29 [DEBUG] (1) cs2_sdk::analysis::interfaces: found "SteamClient009" at 0x7FFC3795B538 (steamclient64.dll + 0x16BB538)
19:08:29 [DEBUG] (1) cs2_sdk::analysis::interfaces: found "SteamClient008" at 0x7FFC3795B530 (steamclient64.dll + 0x16BB530)
19:08:29 [DEBUG] (1) cs2_sdk::analysis::interfaces: found "SteamClient007" at 0x7FFC3795B528 (steamclient64.dll + 0x16BB528)
19:08:29 [DEBUG] (1) cs2_sdk::analysis::interfaces: found "SteamClient006" at 0x7FFC3795B520 (steamclient64.dll + 0x16BB520)
19:08:29 [DEBUG] (1) cs2_sdk::analysis::interfaces: found "p2pvoice002" at 0x7FFC3778627F (steamclient64.dll + 0x14E627F)
19:08:29 [DEBUG] (1) cs2_sdk::analysis::interfaces: found "p2pvoicesingleton002" at 0x7FFC379360F0 (steamclient64.dll + 0x16960F0)
19:08:29 [DEBUG] (1) cs2_sdk::analysis::interfaces: found "IVALIDATE001" at 0x7FFC77BDF990 (vstdlib_s64.dll + 0x6F990)
19:08:29 [DEBUG] (1) cs2_sdk::analysis::interfaces: found "VEngineCvar002" at 0x7FFC77BDE070 (vstdlib_s64.dll + 0x6E070)
19:08:29 [DEBUG] (1) cs2_sdk::analysis::interfaces: found "VAsyncFileSystem2_001" at 0x7FFC284059E0 (filesystem_stdio.dll + 0x2159E0)
19:08:29 [DEBUG] (1) cs2_sdk::analysis::interfaces: found "VFileSystem017" at 0x7FFC284057A0 (filesystem_stdio.dll + 0x2157A0)
19:08:29 [DEBUG] (1) cs2_sdk::analysis::interfaces: found "InputSystemVersion001" at 0x7FFC8B5C2B50 (inputsystem.dll + 0x42B50)
19:08:29 [DEBUG] (1) cs2_sdk::analysis::interfaces: found "InputStackSystemVersion001" at 0x7FFC8B5C0E30 (inputsystem.dll + 0x40E30)
19:08:29 [DEBUG] (1) cs2_sdk::analysis::interfaces: found "IMEManager001" at 0x7FFC844D6B20 (imemanager.dll + 0x36B20)
19:08:29 [DEBUG] (1) cs2_sdk::analysis::interfaces: found "Localize_001" at 0x7FFC84492180 (localize.dll + 0x62180)
19:08:29 [DEBUG] (1) cs2_sdk::analysis::interfaces: found "RenderUtils_001" at 0x7FFC2723BE28 (rendersystemdx11.dll + 0x42BE28)
19:08:29 [DEBUG] (1) cs2_sdk::analysis::interfaces: found "VRenderDeviceMgrBackdoor001" at 0x7FFC2723B5D0 (rendersystemdx11.dll + 0x42B5D0)
19:08:29 [DEBUG] (1) cs2_sdk::analysis::interfaces: found "RenderDeviceMgr001" at 0x7FFC2723B530 (rendersystemdx11.dll + 0x42B530)
19:08:29 [DEBUG] (1) cs2_sdk::analysis::interfaces: found "ResourceSystem013" at 0x7FFC7E7E31E0 (resourcesystem.dll + 0x831E0)
19:08:29 [DEBUG] (1) cs2_sdk::analysis::interfaces: found "SchemaSystem_001" at 0x7FFC7E6D6800 (schemasystem.dll + 0x76800)
19:08:29 [DEBUG] (1) cs2_sdk::analysis::interfaces: found "MaterialUtils_001" at 0x7FFC7CD25D40 (materialsystem2.dll + 0x145D40)
19:08:29 [DEBUG] (1) cs2_sdk::analysis::interfaces: found "TextLayout_001" at 0x7FFC7CD25CD0 (materialsystem2.dll + 0x145CD0)
19:08:29 [DEBUG] (1) cs2_sdk::analysis::interfaces: found "PostProcessingSystem_001" at 0x7FFC7CD25C50 (materialsystem2.dll + 0x145C50)
19:08:29 [DEBUG] (1) cs2_sdk::analysis::interfaces: found "FontManager_001" at 0x7FFC7CD3DE60 (materialsystem2.dll + 0x15DE60)
19:08:29 [DEBUG] (1) cs2_sdk::analysis::interfaces: found "VMaterialSystem2_001" at 0x7FFC7CD3D750 (materialsystem2.dll + 0x15D750)
19:08:29 [DEBUG] (1) cs2_sdk::analysis::interfaces: found "MeshSystem001" at 0x7FFC256F0C20 (meshsystem.dll + 0x150C20)
19:08:29 [DEBUG] (1) cs2_sdk::analysis::interfaces: found "WorldRendererMgr001" at 0x7FFC25565C60 (worldrenderer.dll + 0x225C60)
19:08:29 [DEBUG] (1) cs2_sdk::analysis::interfaces: found "IPulseSystem_001" at 0x7FFC253036A0 (pulse_system.dll + 0x1F36A0)
19:08:29 [DEBUG] (1) cs2_sdk::analysis::interfaces: found "VScriptManager010" at 0x7FFC3567B410 (vscript.dll + 0x13B410)
19:08:29 [DEBUG] (1) cs2_sdk::analysis::interfaces: found "SerializedEntitiesVersion001" at 0x7FFC250D7F90 (networksystem.dll + 0x287F90)
19:08:29 [DEBUG] (1) cs2_sdk::analysis::interfaces: found "NetworkSystemVersion001" at 0x7FFC250D7EA0 (networksystem.dll + 0x287EA0)
19:08:29 [DEBUG] (1) cs2_sdk::analysis::interfaces: found "NetworkMessagesVersion001" at 0x7FFC250E6A60 (networksystem.dll + 0x296A60)
19:08:29 [DEBUG] (1) cs2_sdk::analysis::interfaces: found "FlattenedSerializersVersion001" at 0x7FFC250BE750 (networksystem.dll + 0x26E750)
19:08:29 [DEBUG] (1) cs2_sdk::analysis::interfaces: found "AnimationSystemUtils_001" at 0x7FFC24AB2190 (animationsystem.dll + 0x812190)
19:08:29 [DEBUG] (1) cs2_sdk::analysis::interfaces: found "AnimationSystem_001" at 0x7FFC24AAA0B0 (animationsystem.dll + 0x80A0B0)
19:08:29 [DEBUG] (1) cs2_sdk::analysis::interfaces: found "VPhysics2_Interface_001" at 0x7FFC2416DDA0 (vphysics2.dll + 0x40DDA0)
19:08:29 [DEBUG] (1) cs2_sdk::analysis::interfaces: found "SoundOpSystem001" at 0x7FFC23BE29B0 (soundsystem.dll + 0x5129B0)
19:08:29 [DEBUG] (1) cs2_sdk::analysis::interfaces: found "SoundOpSystemEdit001" at 0x7FFC23BE2870 (soundsystem.dll + 0x512870)
19:08:29 [DEBUG] (1) cs2_sdk::analysis::interfaces: found "VMixEditTool001" at 0x7FFC2901879F (soundsystem.dll + 0x594879F)
19:08:29 [DEBUG] (1) cs2_sdk::analysis::interfaces: found "SoundSystem001" at 0x7FFC23BE2360 (soundsystem.dll + 0x512360)
19:08:29 [DEBUG] (1) cs2_sdk::analysis::interfaces: found "SteamAudio001" at 0x7FFC2369E620 (steamaudio.dll + 0x25E620)
19:08:29 [DEBUG] (1) cs2_sdk::analysis::interfaces: found "SceneUtils_001" at 0x7FFC1FF64AB0 (scenesystem.dll + 0x664AB0)
19:08:29 [DEBUG] (1) cs2_sdk::analysis::interfaces: found "SceneSystem_002" at 0x7FFC201DB490 (scenesystem.dll + 0x8DB490)
19:08:29 [DEBUG] (1) cs2_sdk::analysis::interfaces: found "RenderingPipelines_001" at 0x7FFC1FF63BA0 (scenesystem.dll + 0x663BA0)
19:08:29 [DEBUG] (1) cs2_sdk::analysis::interfaces: found "ParticleSystemMgr003" at 0x7FFC1F66A370 (particles.dll + 0x54A370)
19:08:29 [DEBUG] (1) cs2_sdk::analysis::interfaces: found "PanoramaUIClient001" at 0x7FFC1F0D6420 (panoramauiclient.dll + 0x296420)
19:08:29 [DEBUG] (1) cs2_sdk::analysis::interfaces: found "PanoramaUIEngine001" at 0x7FFC1A1A5D20 (panorama.dll + 0x505D20)
19:08:29 [DEBUG] (1) cs2_sdk::analysis::interfaces: found "PanoramaTextServices001" at 0x7FFC19C78A40 (panorama_text_pango.dll + 0x2B8A40)
19:08:29 [DEBUG] (1) cs2_sdk::analysis::interfaces: found "Source2V8System001" at 0x7FFC7E651730 (v8system.dll + 0x31730)
19:08:29 [DEBUG] (1) cs2_sdk::analysis::interfaces: found "NavGameTest001" at 0x7FFC19109350 (server.dll + 0x1CD9350)
19:08:29 [DEBUG] (1) cs2_sdk::analysis::interfaces: found "ServerToolsInfo_001" at 0x7FFC190B6338 (server.dll + 0x1C86338)
19:08:29 [DEBUG] (1) cs2_sdk::analysis::interfaces: found "Source2GameClients001" at 0x7FFC190B4D90 (server.dll + 0x1C84D90)
19:08:29 [DEBUG] (1) cs2_sdk::analysis::interfaces: found "Source2GameEntities001" at 0x7FFC190B5A40 (server.dll + 0x1C85A40)
19:08:29 [DEBUG] (1) cs2_sdk::analysis::interfaces: found "Source2Server001" at 0x7FFC190B5890 (server.dll + 0x1C85890)
19:08:29 [DEBUG] (1) cs2_sdk::analysis::interfaces: found "EmptyWorldService001_Server" at 0x7FFC1905CE10 (server.dll + 0x1C2CE10)
19:08:29 [DEBUG] (1) cs2_sdk::analysis::interfaces: found "Source2ServerConfig001" at 0x7FFC1936D248 (server.dll + 0x1F3D248)
19:08:29 [DEBUG] (1) cs2_sdk::analysis::interfaces: found "EntitySubclassUtilsV001" at 0x7FFC19007390 (server.dll + 0x1BD7390)
19:08:29 [DEBUG] (1) cs2_sdk::analysis::interfaces: found "customnavsystem001" at 0x7FFC18FE8678 (server.dll + 0x1BB8678)
19:08:29 [DEBUG] (1) cs2_sdk::analysis::interfaces: found "Source2GameDirector001" at 0x7FFC1924FA70 (server.dll + 0x1E1FA70)
19:08:29 [DEBUG] (1) cs2_sdk::analysis::interfaces: found "LegacyGameUI001" at 0x7FFC16D616D0 (client.dll + 0x20A16D0)
19:08:29 [DEBUG] (1) cs2_sdk::analysis::interfaces: found "Source2ClientUI001" at 0x7FFC16D5FC30 (client.dll + 0x209FC30)
19:08:29 [DEBUG] (1) cs2_sdk::analysis::interfaces: found "Source2ClientPrediction001" at 0x7FFC16D50790 (client.dll + 0x2090790)
19:08:29 [DEBUG] (1) cs2_sdk::analysis::interfaces: found "ClientToolsInfo_001" at 0x7FFC16D49340 (client.dll + 0x2089340)
19:08:29 [DEBUG] (1) cs2_sdk::analysis::interfaces: found "Source2Client002" at 0x7FFC17021730 (client.dll + 0x2361730)
19:08:29 [DEBUG] (1) cs2_sdk::analysis::interfaces: found "GameClientExports001" at 0x7FFC16D45FE0 (client.dll + 0x2085FE0)
19:08:29 [DEBUG] (1) cs2_sdk::analysis::interfaces: found "EmptyWorldService001_Client" at 0x7FFC16D0CBB0 (client.dll + 0x204CBB0)
19:08:29 [DEBUG] (1) cs2_sdk::analysis::interfaces: found "Source2ClientConfig001" at 0x7FFC16F93770 (client.dll + 0x22D3770)
19:08:29 [DEBUG] (1) cs2_sdk::analysis::interfaces: found "Source2Host001" at 0x7FFC14B593C0 (host.dll + 0x1393C0)
19:08:29 [DEBUG] (1) cs2_sdk::analysis::interfaces: found "SinglePlayerSharedMemory001" at 0x7FFC14B59350 (host.dll + 0x139350)
19:08:29 [DEBUG] (1) cs2_sdk::analysis::interfaces: found "SaveRestoreDataVersion001" at 0x7FFC14B59320 (host.dll + 0x139320)
19:08:29 [DEBUG] (1) cs2_sdk::analysis::interfaces: found "PredictionDiffManager001" at 0x7FFC14B591F0 (host.dll + 0x1391F0)
19:08:29 [DEBUG] (1) cs2_sdk::analysis::interfaces: found "HostUtils001" at 0x7FFC14B68AB0 (host.dll + 0x148AB0)
19:08:29 [DEBUG] (1) cs2_sdk::analysis::interfaces: found "GameSystem2HostHook" at 0x7FFC14B590E0 (host.dll + 0x1390E0)
19:08:29 [DEBUG] (1) cs2_sdk::analysis::interfaces: found "GameModelInfo001" at 0x7FFC14B590A0 (host.dll + 0x1390A0)
19:08:29 [DEBUG] (1) cs2_sdk::analysis::interfaces: found "DebugDrawQueueManager001" at 0x7FFC14B59060 (host.dll + 0x139060)
19:08:29 [DEBUG] (1) cs2_sdk::analysis::interfaces: found "SceneFileCache002" at 0x7FFC149E5A78 (scenefilecache.dll + 0xF5A78)
19:08:29 [DEBUG] (1) cs2_sdk::analysis::interfaces: found "ResponseRulesCache001" at 0x7FFC149E58F0 (scenefilecache.dll + 0xF58F0)
19:08:29 [DEBUG] (1) cs2_sdk::analysis::interfaces: found "GameTypes001" at 0x7FFC1489F0B0 (matchmaking.dll + 0x1DF0B0)
19:08:29 [DEBUG] (1) cs2_sdk::analysis::interfaces: found "MATCHFRAMEWORK_001" at 0x7FFC148A8320 (matchmaking.dll + 0x1E8320)
19:08:29 [DEBUG] (1) cs2_sdk::analysis::interfaces: found "NavSystem001" at 0x7FFC14692930 (navsystem.dll + 0x122930)
19:08:29 [INFO] found 131 interfaces across 33 modules
19:08:29 [DEBUG] (1) cs2_sdk::analysis::offsets::client: found "dwCSGOInput" at 0x7FFC1703B5B0 (client.dll + 0x237B5B0)
19:08:29 [DEBUG] (1) cs2_sdk::analysis::offsets::client: found "dwEntityList" at 0x7FFC171CC5B0 (client.dll + 0x250C5B0)
19:08:29 [DEBUG] (1) cs2_sdk::analysis::offsets::client: found "dwGameEntitySystem" at 0x7FFC171CC5B0 (client.dll + 0x250C5B0)
19:08:29 [DEBUG] (1) cs2_sdk::analysis::offsets::client: found "dwGameEntitySystem_highestEntityIndex" at 0x7FFC14CC2090 (client.dll + 0x2090)
19:08:29 [DEBUG] (1) cs2_sdk::analysis::offsets::client: found "dwGameRules" at 0x7FFC166E1D28 (client.dll + 0x1A21D28)
19:08:29 [DEBUG] (1) cs2_sdk::analysis::offsets::client: found "dwGlobalVars" at 0x7FFC16D45788 (client.dll + 0x2085788)
19:08:29 [DEBUG] (1) cs2_sdk::analysis::offsets::client: found "dwGlowManager" at 0x7FFC17023580 (client.dll + 0x2363580)
19:08:29 [DEBUG] (1) cs2_sdk::analysis::offsets::client: found "dwLocalPlayerController" at 0x7FFC17005D50 (client.dll + 0x2345D50)
19:08:29 [DEBUG] (1) cs2_sdk::analysis::offsets::client: found "dwLocalPlayerPawn" at 0x7FFC16D50880 (client.dll + 0x2090880)
19:08:29 [DEBUG] (1) cs2_sdk::analysis::offsets::client: found "dwPlantedC4" at 0x7FFC17034278 (client.dll + 0x2374278)
19:08:29 [DEBUG] (1) cs2_sdk::analysis::offsets::client: found "dwPrediction" at 0x7FFC16D50790 (client.dll + 0x2090790)
19:08:29 [DEBUG] (1) cs2_sdk::analysis::offsets::client: found "dwSensitivity" at 0x7FFC17024098 (client.dll + 0x2364098)
19:08:29 [DEBUG] (1) cs2_sdk::analysis::offsets::client: found "dwSensitivity_sensitivity" at 0x7FFC14CC0058 (client.dll + 0x58)
19:08:29 [DEBUG] (1) cs2_sdk::analysis::offsets::client: found "dwViewAngles" at 0x7FFC1703BC38 (client.dll + 0x237BC38)
19:08:29 [DEBUG] (1) cs2_sdk::analysis::offsets::client: found "dwViewMatrix" at 0x7FFC1702C2F0 (client.dll + 0x236C2F0)
19:08:29 [DEBUG] (1) cs2_sdk::analysis::offsets::client: found "dwViewRender" at 0x7FFC1702B4F8 (client.dll + 0x236B4F8)
19:08:29 [DEBUG] (1) cs2_sdk::analysis::offsets::client: found "dwWeaponC4" at 0x7FFC16FA4518 (client.dll + 0x22E4518)
19:08:29 [DEBUG] (1) cs2_sdk::analysis::offsets::engine2: found "dwBuildNumber" at 0x7FFC28A2CC74 (engine2.dll + 0x60CC74)
19:08:29 [DEBUG] (1) cs2_sdk::analysis::offsets::engine2: found "dwNetworkGameClient" at 0x7FFC28D2A1A0 (engine2.dll + 0x90A1A0)
19:08:29 [DEBUG] (1) cs2_sdk::analysis::offsets::engine2: found "dwNetworkGameClient_clientTickCount" at 0x7FFC28420378 (engine2.dll + 0x378)
19:08:29 [DEBUG] (1) cs2_sdk::analysis::offsets::engine2: found "dwNetworkGameClient_deltaTick" at 0x7FFC2842024C (engine2.dll + 0x24C)
19:08:29 [DEBUG] (1) cs2_sdk::analysis::offsets::engine2: found "dwNetworkGameClient_isBackgroundMap" at 0x7FFC286E141F (engine2.dll + 0x2C141F)
19:08:29 [DEBUG] (1) cs2_sdk::analysis::offsets::engine2: found "dwNetworkGameClient_localPlayer" at 0x7FFC284200F8 (engine2.dll + 0xF8)
19:08:29 [DEBUG] (1) cs2_sdk::analysis::offsets::engine2: found "dwNetworkGameClient_maxClients" at 0x7FFC28420240 (engine2.dll + 0x240)
19:08:29 [DEBUG] (1) cs2_sdk::analysis::offsets::engine2: found "dwNetworkGameClient_serverTickCount" at 0x7FFC2842024C (engine2.dll + 0x24C)
19:08:29 [DEBUG] (1) cs2_sdk::analysis::offsets::engine2: found "dwNetworkGameClient_signOnState" at 0x7FFC28420230 (engine2.dll + 0x230)
19:08:29 [DEBUG] (1) cs2_sdk::analysis::offsets::engine2: found "dwWindowHeight" at 0x7FFC28D2E5C4 (engine2.dll + 0x90E5C4)
19:08:29 [DEBUG] (1) cs2_sdk::analysis::offsets::engine2: found "dwWindowWidth" at 0x7FFC28D2E5C0 (engine2.dll + 0x90E5C0)
19:08:29 [DEBUG] (1) cs2_sdk::analysis::offsets::input_system: found "dwInputSystem" at 0x7FFC8B5C2B50 (input_system.dll + 0x42B50)
19:08:30 [DEBUG] (1) cs2_sdk::analysis::offsets::matchmaking: found "dwGameTypes" at 0x7FFC1489F0B0 (matchmaking.dll + 0x1DF0B0)
19:08:30 [DEBUG] (1) cs2_sdk::analysis::offsets::soundsystem: found "dwSoundSystem" at 0x7FFC23BE2360 (soundsystem.dll + 0x512360)
19:08:30 [DEBUG] (1) cs2_sdk::analysis::offsets::soundsystem: found "dwSoundSystem_engineViewData" at 0x7FFC236D007C (soundsystem.dll + 0x7C)
19:08:30 [INFO] found 32 offsets across 5 modules
19:08:30 [DEBUG] (1) cs2_sdk::analysis::schemas: module "schemasystem.dll" contains 7 class(es) and 2 enum(s)
19:08:30 [DEBUG] (1) cs2_sdk::analysis::schemas: module "resourcesystem.dll" contains 58 class(es) and 2 enum(s)
19:08:30 [DEBUG] (1) cs2_sdk::analysis::schemas: module "rendersystemdx11.dll" contains 8 class(es) and 8 enum(s)
19:08:30 [DEBUG] (1) cs2_sdk::analysis::schemas: module "engine2.dll" contains 56 class(es) and 2 enum(s)
19:08:30 [DEBUG] (1) cs2_sdk::analysis::schemas: module "materialsystem2.dll" contains 14 class(es) and 5 enum(s)
19:08:30 [DEBUG] (1) cs2_sdk::analysis::schemas: module "networksystem.dll" contains 1 class(es) and 0 enum(s)
19:08:30 [DEBUG] (1) cs2_sdk::analysis::schemas: module "animationsystem.dll" contains 695 class(es) and 148 enum(s)
19:08:30 [DEBUG] (1) cs2_sdk::analysis::schemas: module "vphysics2.dll" contains 110 class(es) and 5 enum(s)
19:08:30 [DEBUG] (1) cs2_sdk::analysis::schemas: module "soundsystem.dll" contains 136 class(es) and 26 enum(s)
19:08:30 [DEBUG] (1) cs2_sdk::analysis::schemas: module "steamaudio.dll" contains 17 class(es) and 0 enum(s)
19:08:30 [DEBUG] (1) cs2_sdk::analysis::schemas: module "scenesystem.dll" contains 9 class(es) and 5 enum(s)
19:08:30 [DEBUG] (1) cs2_sdk::analysis::schemas: module "worldrenderer.dll" contains 32 class(es) and 3 enum(s)
19:08:30 [DEBUG] (1) cs2_sdk::analysis::schemas: module "pulse_system.dll" contains 99 class(es) and 5 enum(s)
19:08:30 [DEBUG] (1) cs2_sdk::analysis::schemas: module "particles.dll" contains 501 class(es) and 76 enum(s)
19:08:30 [DEBUG] (1) cs2_sdk::analysis::schemas: module "panorama.dll" contains 0 class(es) and 2 enum(s)
19:08:30 [DEBUG] (1) cs2_sdk::analysis::schemas: module "server.dll" contains 944 class(es) and 179 enum(s)
19:08:30 [DEBUG] (1) cs2_sdk::analysis::schemas: module "client.dll" contains 535 class(es) and 12 enum(s)
19:08:30 [DEBUG] (1) cs2_sdk::analysis::schemas: module "host.dll" contains 2 class(es) and 0 enum(s)
19:08:30 [INFO] found 3224 classes and 480 enums across 18 modules
19:08:30 [INFO] scanning client.dll for skinchanger patterns
19:08:30 [INFO] found EquipItemInLoadout: 0x7EA6A0
19:08:30 [INFO] found SetMeshGroupMask: 0xA56120
19:08:30 [INFO] found GetItemInLoadout: 0x7EC2C0
19:08:30 [INFO] found SetModel: 0x9037F0
19:08:30 [INFO] found RegenerateWeaponSkin: 0x7B46D0
19:08:30 [INFO] found CreateSOSubclassEconItem: 0x1020CB0
19:08:30 [INFO] scanning materialsystem2.dll for material patterns
19:08:30 [INFO] found FindParameter: 0x11E30
19:08:30 [INFO] found PrepareSceneMaterial: 0x11BE0
19:08:30 [INFO] found UpdateParameter: 0x12370
19:08:30 [INFO] skinchanger analysis complete: found 9 patterns across 2 modules
19:08:30 [INFO] found 9 skinchanger patterns across 2 modules
19:08:30 [DEBUG] (1) cs2_sdk::analysis::vtables: animationsystem.dll::AnimationSystemUtils_001 vtable @ animationsystem.dll+0x6EB6B0 (3 methods, rtti=Some("CAnimationSystemUtils"))
19:08:30 [DEBUG] (1) cs2_sdk::analysis::vtables: animationsystem.dll::AnimationSystem_001 vtable @ animationsystem.dll+0x6EB8D8 (216 methods, rtti=Some("CAnimationSystem"))
19:08:30 [DEBUG] (1) cs2_sdk::analysis::vtables: client.dll::ClientToolsInfo_001 vtable @ client.dll+0x1ACFA10 (11 methods, rtti=Some("CClientToolsInfo"))
19:08:30 [DEBUG] (1) cs2_sdk::analysis::vtables: client.dll::EmptyWorldService001_Client vtable @ client.dll+0x1A2ED20 (23 methods, rtti=Some("CEmptyWorldService"))
19:08:30 [DEBUG] (1) cs2_sdk::analysis::vtables: client.dll::GameClientExports001 vtable @ client.dll+0x1AD03B8 (19 methods, rtti=Some("CGameClientExports"))
19:08:30 [DEBUG] (1) cs2_sdk::analysis::vtables: client.dll::LegacyGameUI001 vtable @ client.dll+0x1B1C858 (37 methods, rtti=Some("CLegacyGameUI"))
19:08:30 [DEBUG] (1) cs2_sdk::analysis::vtables: client.dll::Source2Client002 vtable @ client.dll+0x1AD2F68 (231 methods, rtti=Some("CSource2Client"))
19:08:30 [DEBUG] (1) cs2_sdk::analysis::vtables: client.dll::Source2ClientConfig001 vtable @ client.dll+0x1A1D538 (64 methods, rtti=Some("CCSGameConfiguration"))
19:08:30 [DEBUG] (1) cs2_sdk::analysis::vtables: client.dll::Source2ClientPrediction001 vtable @ client.dll+0x1AE1480 (34 methods, rtti=Some("CPrediction"))
19:08:30 [DEBUG] (1) cs2_sdk::analysis::vtables: client.dll::Source2ClientUI001 vtable @ client.dll+0x1B11090 (29 methods, rtti=Some("CCsgoClientUI"))
19:08:30 [DEBUG] (1) cs2_sdk::analysis::vtables: engine2.dll::BenchmarkService001 vtable @ engine2.dll+0x56B480 (73 methods, rtti=Some("CBenchmarkService"))
19:08:30 [DEBUG] (1) cs2_sdk::analysis::vtables: engine2.dll::BugService001 vtable @ engine2.dll+0x56BF78 (23 methods, rtti=Some("CBugService"))
19:08:30 [DEBUG] (1) cs2_sdk::analysis::vtables: engine2.dll::ClientServerEngineLoopService_001 vtable @ engine2.dll+0x580438 (28 methods, rtti=Some("CLoopTypeClientServerService"))
19:08:30 [DEBUG] (1) cs2_sdk::analysis::vtables: engine2.dll::ClientServerSharedHandleSystem001 vtable @ engine2.dll+0x577BB0 (14 methods, rtti=Some("CClientServerSharedHandleSystem"))
19:08:30 [DEBUG] (1) cs2_sdk::analysis::vtables: engine2.dll::EngineGameUI001 vtable @ engine2.dll+0x553860 (31 methods, rtti=Some("CEngineGameUI"))
19:08:30 [DEBUG] (1) cs2_sdk::analysis::vtables: engine2.dll::EngineServiceMgr001 vtable @ engine2.dll+0x57CF28 (64 methods, rtti=Some("CEngineServiceMgr"))
19:08:30 [DEBUG] (1) cs2_sdk::analysis::vtables: engine2.dll::GameEventSystemClientV001 vtable @ engine2.dll+0x57DC00 (95 methods, rtti=Some("CGameEventSystem"))
19:08:30 [DEBUG] (1) cs2_sdk::analysis::vtables: engine2.dll::GameEventSystemServerV001 vtable @ engine2.dll+0x57DC00 (95 methods, rtti=Some("CGameEventSystem"))
19:08:30 [DEBUG] (1) cs2_sdk::analysis::vtables: engine2.dll::GameResourceServiceClientV001 vtable @ engine2.dll+0x56C9F8 (89 methods, rtti=Some("CGameResourceService"))
19:08:30 [DEBUG] (1) cs2_sdk::analysis::vtables: engine2.dll::GameResourceServiceServerV001 vtable @ engine2.dll+0x56C9F8 (89 methods, rtti=Some("CGameResourceService"))
19:08:30 [DEBUG] (1) cs2_sdk::analysis::vtables: engine2.dll::GameUIService_001 vtable @ engine2.dll+0x56D5B8 (46 methods, rtti=Some("CGameUIService"))
19:08:30 [DEBUG] (1) cs2_sdk::analysis::vtables: engine2.dll::HostStateMgr001 vtable @ engine2.dll+0x57E360 (27 methods, rtti=Some("CHostStateMgr"))
19:08:30 [DEBUG] (1) cs2_sdk::analysis::vtables: engine2.dll::INETSUPPORT_001 vtable @ engine2.dll+0x54A238 (140 methods, rtti=Some("CNetSupportImpl"))
19:08:30 [DEBUG] (1) cs2_sdk::analysis::vtables: engine2.dll::InputService_001 vtable @ engine2.dll+0x56FFE8 (66 methods, rtti=Some("CInputService"))
19:08:30 [DEBUG] (1) cs2_sdk::analysis::vtables: engine2.dll::KeyValueCache001 vtable @ engine2.dll+0x57E458 (17 methods, rtti=Some("CKeyValueCache"))
19:08:30 [DEBUG] (1) cs2_sdk::analysis::vtables: engine2.dll::MapListService_001 vtable @ engine2.dll+0x570320 (26 methods, rtti=Some("CMapListService"))
19:08:30 [DEBUG] (1) cs2_sdk::analysis::vtables: engine2.dll::NetworkClientService_001 vtable @ engine2.dll+0x571D00 (64 methods, rtti=Some("CNetworkClientService"))
19:08:30 [DEBUG] (1) cs2_sdk::analysis::vtables: engine2.dll::NetworkP2PService_001 vtable @ engine2.dll+0x572A88 (152 methods, rtti=Some("CNetworkP2PService"))
19:08:30 [DEBUG] (1) cs2_sdk::analysis::vtables: engine2.dll::NetworkServerService_001 vtable @ engine2.dll+0x572D98 (54 methods, rtti=Some("CNetworkServerService"))
19:08:30 [DEBUG] (1) cs2_sdk::analysis::vtables: engine2.dll::NetworkService_001 vtable @ engine2.dll+0x573B00 (49 methods, rtti=Some("CNetworkService"))
19:08:30 [DEBUG] (1) cs2_sdk::analysis::vtables: engine2.dll::RenderService_001 vtable @ engine2.dll+0x574498 (58 methods, rtti=Some("CRenderService"))
19:08:30 [DEBUG] (1) cs2_sdk::analysis::vtables: engine2.dll::ScreenshotService001 vtable @ engine2.dll+0x574818 (26 methods, rtti=Some("CScreenshotService"))
19:08:30 [DEBUG] (1) cs2_sdk::analysis::vtables: engine2.dll::SimpleEngineLoopService_001 vtable @ engine2.dll+0x580580 (29 methods, rtti=Some("CLoopTypeSimpleService"))
19:08:30 [DEBUG] (1) cs2_sdk::analysis::vtables: engine2.dll::SoundService_001 vtable @ engine2.dll+0x5757B8 (37 methods, rtti=Some("CSoundService"))
19:08:30 [DEBUG] (1) cs2_sdk::analysis::vtables: engine2.dll::Source2EngineToClient001 vtable @ engine2.dll+0x534A10 (191 methods, rtti=Some("CEngineClient"))
19:08:30 [DEBUG] (1) cs2_sdk::analysis::vtables: engine2.dll::Source2EngineToClientStringTable001 vtable @ engine2.dll+0x54A3B0 (93 methods, rtti=Some("CNetworkStringTableContainer"))
19:08:30 [DEBUG] (1) cs2_sdk::analysis::vtables: engine2.dll::Source2EngineToServer001 vtable @ engine2.dll+0x53BC68 (164 methods, rtti=Some("CEngineServer"))
19:08:30 [DEBUG] (1) cs2_sdk::analysis::vtables: engine2.dll::Source2EngineToServerStringTable001 vtable @ engine2.dll+0x54A3B0 (93 methods, rtti=Some("CNetworkStringTableContainer"))
19:08:30 [DEBUG] (1) cs2_sdk::analysis::vtables: engine2.dll::SplitScreenService_001 vtable @ engine2.dll+0x576328 (48 methods, rtti=Some("CSplitScreenService"))
19:08:30 [DEBUG] (1) cs2_sdk::analysis::vtables: engine2.dll::StatsService_001 vtable @ engine2.dll+0x576B60 (34 methods, rtti=Some("CStatsService"))
19:08:30 [DEBUG] (1) cs2_sdk::analysis::vtables: engine2.dll::ToolService_001 vtable @ engine2.dll+0x577018 (91 methods, rtti=Some("CToolService"))
19:08:30 [DEBUG] (1) cs2_sdk::analysis::vtables: engine2.dll::VENGINE_GAMEUIFUNCS_VERSION005 vtable @ engine2.dll+0x553980 (23 methods, rtti=Some("CGameUIFuncs"))
19:08:30 [DEBUG] (1) cs2_sdk::analysis::vtables: engine2.dll::VProfService_001 vtable @ engine2.dll+0x577880 (25 methods, rtti=Some("CVProfService"))
19:08:30 [DEBUG] (1) cs2_sdk::analysis::vtables: filesystem_stdio.dll::VAsyncFileSystem2_001 vtable @ filesystem_stdio.dll+0x1AEDF8 (25 methods, rtti=Some("CAsyncFileSystem2"))
19:08:30 [DEBUG] (1) cs2_sdk::analysis::vtables: filesystem_stdio.dll::VFileSystem017 vtable @ filesystem_stdio.dll+0x1B0EC8 (141 methods, rtti=Some("CFileSystem_Stdio"))
19:08:30 [DEBUG] (1) cs2_sdk::analysis::vtables: host.dll::DebugDrawQueueManager001 vtable @ host.dll+0x116B68 (14 methods, rtti=Some("CDebugDrawQueueMgr"))
19:08:30 [DEBUG] (1) cs2_sdk::analysis::vtables: host.dll::GameModelInfo001 vtable @ host.dll+0x116C38 (17 methods, rtti=Some("CGameModelInfo"))
19:08:30 [DEBUG] (1) cs2_sdk::analysis::vtables: host.dll::GameSystem2HostHook vtable @ host.dll+0x116D80 (15 methods, rtti=Some("CGameSystem2HostHook"))
19:08:30 [DEBUG] (1) cs2_sdk::analysis::vtables: host.dll::HostUtils001 vtable @ host.dll+0x116F60 (22 methods, rtti=Some("CHostUtils"))
19:08:30 [DEBUG] (1) cs2_sdk::analysis::vtables: host.dll::PredictionDiffManager001 vtable @ host.dll+0x117C38 (15 methods, rtti=Some("CPredictionDiffMgr"))
19:08:30 [DEBUG] (1) cs2_sdk::analysis::vtables: host.dll::SaveRestoreDataVersion001 vtable @ host.dll+0x117CD8 (29 methods, rtti=Some("CSaveRestoreDataMgr"))
19:08:30 [DEBUG] (1) cs2_sdk::analysis::vtables: host.dll::SinglePlayerSharedMemory001 vtable @ host.dll+0x117E50 (12 methods, rtti=Some("CSPSharedMemoryManager"))
19:08:30 [DEBUG] (1) cs2_sdk::analysis::vtables: host.dll::Source2Host001 vtable @ host.dll+0x117F60 (16 methods, rtti=Some("CSource2HostBase"))
19:08:30 [DEBUG] (1) cs2_sdk::analysis::vtables: imemanager.dll::IMEManager001 vtable @ imemanager.dll+0x2F610 (23 methods, rtti=Some("CIMEManager"))
19:08:30 [DEBUG] (1) cs2_sdk::analysis::vtables: inputsystem.dll::InputStackSystemVersion001 vtable @ inputsystem.dll+0x33870 (30 methods, rtti=Some("CInputStackSystem"))
19:08:30 [DEBUG] (1) cs2_sdk::analysis::vtables: inputsystem.dll::InputSystemVersion001 vtable @ inputsystem.dll+0x35350 (107 methods, rtti=Some("CInputSystem"))
19:08:30 [DEBUG] (1) cs2_sdk::analysis::vtables: localize.dll::Localize_001 vtable @ localize.dll+0x56808 (117 methods, rtti=Some("CLocalize"))
19:08:30 [DEBUG] (1) cs2_sdk::analysis::vtables: matchmaking.dll::GameTypes001 vtable @ matchmaking.dll+0x1AB920 (76 methods, rtti=Some("GameTypes"))
19:08:30 [DEBUG] (1) cs2_sdk::analysis::vtables: matchmaking.dll::MATCHFRAMEWORK_001 vtable @ matchmaking.dll+0x1817D0 (30 methods, rtti=Some("CMatchFramework"))
19:08:30 [DEBUG] (1) cs2_sdk::analysis::vtables: materialsystem2.dll::FontManager_001 vtable @ materialsystem2.dll+0x127998 (44 methods, rtti=Some("CFontManager"))
19:08:30 [DEBUG] (1) cs2_sdk::analysis::vtables: materialsystem2.dll::MaterialUtils_001 vtable @ materialsystem2.dll+0x129010 (80 methods, rtti=Some("CMaterialSystem2Utils"))
19:08:30 [DEBUG] (1) cs2_sdk::analysis::vtables: materialsystem2.dll::PostProcessingSystem_001 vtable @ materialsystem2.dll+0x128840 (22 methods, rtti=Some("CPostProcessingSystem"))
19:08:30 [DEBUG] (1) cs2_sdk::analysis::vtables: materialsystem2.dll::TextLayout_001 vtable @ materialsystem2.dll+0x128E70 (132 methods, rtti=Some("CTextLayout"))
19:08:30 [DEBUG] (1) cs2_sdk::analysis::vtables: materialsystem2.dll::VMaterialSystem2_001 vtable @ materialsystem2.dll+0x126E50 (57 methods, rtti=Some("CMaterialSystem2"))
19:08:30 [DEBUG] (1) cs2_sdk::analysis::vtables: meshsystem.dll::MeshSystem001 vtable @ meshsystem.dll+0x1283A0 (47 methods, rtti=Some("CMeshSystem"))
19:08:30 [DEBUG] (1) cs2_sdk::analysis::vtables: navsystem.dll::NavSystem001 vtable @ navsystem.dll+0x108210 (13 methods, rtti=Some("CNavSystem"))
19:08:30 [DEBUG] (1) cs2_sdk::analysis::vtables: networksystem.dll::FlattenedSerializersVersion001 vtable @ networksystem.dll+0x22A298 (92 methods, rtti=Some("CFlattenedSerializers"))
19:08:30 [DEBUG] (1) cs2_sdk::analysis::vtables: networksystem.dll::NetworkMessagesVersion001 vtable @ networksystem.dll+0x22EC08 (87 methods, rtti=Some("CNetworkMessages"))
19:08:30 [DEBUG] (1) cs2_sdk::analysis::vtables: networksystem.dll::NetworkSystemVersion001 vtable @ networksystem.dll+0x2314A8 (62 methods, rtti=Some("CNetworkSystem"))
19:08:30 [DEBUG] (1) cs2_sdk::analysis::vtables: networksystem.dll::SerializedEntitiesVersion001 vtable @ networksystem.dll+0x2353B8 (25 methods, rtti=Some("CSerializedEntities"))
19:08:30 [DEBUG] (1) cs2_sdk::analysis::vtables: panorama.dll::PanoramaUIEngine001 vtable @ panorama.dll+0x442D70 (18 methods, rtti=Some("CPanoramaUIEngine"))
19:08:30 [DEBUG] (1) cs2_sdk::analysis::vtables: panorama_text_pango.dll::PanoramaTextServices001 vtable @ panorama_text_pango.dll+0x24DCC8 (47 methods, rtti=Some("panorama::CUITextServicesPango"))
19:08:30 [DEBUG] (1) cs2_sdk::analysis::vtables: panoramauiclient.dll::PanoramaUIClient001 vtable @ panoramauiclient.dll+0x25A2B8 (35 methods, rtti=Some("CPanoramaUIClient"))
19:08:30 [DEBUG] (1) cs2_sdk::analysis::vtables: particles.dll::ParticleSystemMgr003 vtable @ particles.dll+0x4543F8 (63 methods, rtti=Some("CParticleSystemMgr"))
19:08:30 [DEBUG] (1) cs2_sdk::analysis::vtables: pulse_system.dll::IPulseSystem_001 vtable @ pulse_system.dll+0x166C68 (76 methods, rtti=Some("CPulseSystem"))
19:08:30 [DEBUG] (1) cs2_sdk::analysis::vtables: rendersystemdx11.dll::RenderDeviceMgr001 vtable @ rendersystemdx11.dll+0x3ED678 (42 methods, rtti=Some("CRenderDeviceMgrDx11"))
19:08:30 [DEBUG] (1) cs2_sdk::analysis::vtables: rendersystemdx11.dll::RenderUtils_001 vtable @ rendersystemdx11.dll+0x3EEE68 (17 methods, rtti=Some("CRenderUtils"))
19:08:30 [DEBUG] (1) cs2_sdk::analysis::vtables: rendersystemdx11.dll::VRenderDeviceMgrBackdoor001 vtable @ rendersystemdx11.dll+0x3ED660 (45 methods, rtti=Some("CRenderDeviceMgrDx11"))
19:08:30 [DEBUG] (1) cs2_sdk::analysis::vtables: resourcesystem.dll::ResourceSystem013 vtable @ resourcesystem.dll+0x60E88 (117 methods, rtti=Some("CResourceSystem"))
19:08:30 [DEBUG] (1) cs2_sdk::analysis::vtables: scenefilecache.dll::ResponseRulesCache001 vtable @ scenefilecache.dll+0xD25F8 (19 methods, rtti=Some("CResponseRulesFileCache"))
19:08:30 [DEBUG] (1) cs2_sdk::analysis::vtables: scenefilecache.dll::SceneFileCache002 vtable @ scenefilecache.dll+0xD2B58 (14 methods, rtti=Some("CSceneFileCache"))
19:08:30 [DEBUG] (1) cs2_sdk::analysis::vtables: scenesystem.dll::RenderingPipelines_001 vtable @ scenesystem.dll+0x5DACE0 (11 methods, rtti=Some("CRenderingPipelines"))
19:08:30 [DEBUG] (1) cs2_sdk::analysis::vtables: scenesystem.dll::SceneSystem_002 vtable @ scenesystem.dll+0x5E22D0 (193 methods, rtti=Some("CSceneSystem"))
19:08:30 [DEBUG] (1) cs2_sdk::analysis::vtables: scenesystem.dll::SceneUtils_001 vtable @ scenesystem.dll+0x5EAB10 (83 methods, rtti=Some("CSceneUtils"))
19:08:30 [DEBUG] (1) cs2_sdk::analysis::vtables: schemasystem.dll::SchemaSystem_001 vtable @ schemasystem.dll+0x54B20 (222 methods, rtti=Some("CSchemaSystem"))
19:08:30 [DEBUG] (1) cs2_sdk::analysis::vtables: server.dll::EmptyWorldService001_Server vtable @ server.dll+0x170F248 (23 methods, rtti=Some("CEmptyWorldService"))
19:08:30 [DEBUG] (1) cs2_sdk::analysis::vtables: server.dll::EntitySubclassUtilsV001 vtable @ server.dll+0x1646C10 (89 methods, rtti=Some("CServerEntitySubclassUtils"))
19:08:30 [DEBUG] (1) cs2_sdk::analysis::vtables: server.dll::NavGameTest001 vtable @ server.dll+0x184F908 (12 methods, rtti=Some("CNavGameTest"))
19:08:30 [DEBUG] (1) cs2_sdk::analysis::vtables: server.dll::ServerToolsInfo_001 vtable @ server.dll+0x17C6A68 (12 methods, rtti=Some("CServerToolsInfo"))
19:08:30 [DEBUG] (1) cs2_sdk::analysis::vtables: server.dll::Source2GameClients001 vtable @ server.dll+0x17C73C0 (256 methods, rtti=Some("CSource2GameClients"))
19:08:30 [DEBUG] (1) cs2_sdk::analysis::vtables: server.dll::Source2GameDirector001 vtable @ server.dll+0x15D8D00 (19 methods, rtti=Some("CCSHLTVDirector"))
19:08:30 [DEBUG] (1) cs2_sdk::analysis::vtables: server.dll::Source2GameEntities001 vtable @ server.dll+0x17C5A80 (25 methods, rtti=Some("CSource2GameEntities"))
19:08:30 [DEBUG] (1) cs2_sdk::analysis::vtables: server.dll::Source2Server001 vtable @ server.dll+0x17C5C38 (102 methods, rtti=Some("CSource2Server"))
19:08:30 [DEBUG] (1) cs2_sdk::analysis::vtables: server.dll::Source2ServerConfig001 vtable @ server.dll+0x16F9BB8 (29 methods, rtti=Some("CCSGameConfiguration"))
19:08:30 [DEBUG] (1) cs2_sdk::analysis::vtables: server.dll::customnavsystem001 vtable @ server.dll+0x16120E8 (14 methods, rtti=Some("CCustomNavGenSystem"))
19:08:30 [DEBUG] (1) cs2_sdk::analysis::vtables: soundsystem.dll::SoundOpSystem001 vtable @ soundsystem.dll+0x4987D8 (256 methods, rtti=Some("CSoundOpSystem"))
19:08:30 [DEBUG] (1) cs2_sdk::analysis::vtables: soundsystem.dll::SoundOpSystemEdit001 vtable @ soundsystem.dll+0x4845C0 (100 methods, rtti=Some("CSosEdit"))
19:08:30 [DEBUG] (1) cs2_sdk::analysis::vtables: soundsystem.dll::SoundSystem001 vtable @ soundsystem.dll+0x480390 (133 methods, rtti=Some("CSoundSystem"))
19:08:30 [DEBUG] (1) cs2_sdk::analysis::vtables: steamaudio.dll::SteamAudio001 vtable @ steamaudio.dll+0x1ED578 (99 methods, rtti=Some("CSteamAudio"))
19:08:30 [DEBUG] (1) cs2_sdk::analysis::vtables: steamclient64.dll::IVALIDATE001 vtable @ steamclient64.dll+0x1334C98 (1 methods, rtti=Some("CSteamClientDLLValidate"))
19:08:30 [DEBUG] (1) cs2_sdk::analysis::vtables: steamclient64.dll::SteamClient006 vtable @ steamclient64.dll+0x12E2CF0 (21 methods, rtti=Some("CAdapterSteamClient006"))
19:08:30 [DEBUG] (1) cs2_sdk::analysis::vtables: steamclient64.dll::SteamClient007 vtable @ steamclient64.dll+0x12E2E00 (22 methods, rtti=Some("CAdapterSteamClient007"))
19:08:30 [DEBUG] (1) cs2_sdk::analysis::vtables: steamclient64.dll::SteamClient008 vtable @ steamclient64.dll+0x12E2EF8 (21 methods, rtti=Some("CAdapterSteamClient008"))
19:08:30 [DEBUG] (1) cs2_sdk::analysis::vtables: steamclient64.dll::SteamClient009 vtable @ steamclient64.dll+0x12E2FB8 (22 methods, rtti=Some("CAdapterSteamClient009"))
19:08:30 [DEBUG] (1) cs2_sdk::analysis::vtables: steamclient64.dll::SteamClient010 vtable @ steamclient64.dll+0x12E3090 (24 methods, rtti=Some("CAdapterSteamClient010"))
19:08:30 [DEBUG] (1) cs2_sdk::analysis::vtables: steamclient64.dll::SteamClient011 vtable @ steamclient64.dll+0x12E3170 (25 methods, rtti=Some("CAdapterSteamClient011"))
19:08:30 [DEBUG] (1) cs2_sdk::analysis::vtables: steamclient64.dll::SteamClient012 vtable @ steamclient64.dll+0x12E3260 (27 methods, rtti=Some("CAdapterSteamClient012"))
19:08:30 [DEBUG] (1) cs2_sdk::analysis::vtables: steamclient64.dll::SteamClient013 vtable @ steamclient64.dll+0x12E3358 (30 methods, rtti=Some("CAdapterSteamClient013"))
19:08:30 [DEBUG] (1) cs2_sdk::analysis::vtables: steamclient64.dll::SteamClient014 vtable @ steamclient64.dll+0x12E3478 (29 methods, rtti=Some("CAdapterSteamClient014"))
19:08:30 [DEBUG] (1) cs2_sdk::analysis::vtables: steamclient64.dll::SteamClient015 vtable @ steamclient64.dll+0x12E3580 (30 methods, rtti=Some("CAdapterSteamClient015"))
19:08:30 [DEBUG] (1) cs2_sdk::analysis::vtables: steamclient64.dll::SteamClient016 vtable @ steamclient64.dll+0x12E3698 (34 methods, rtti=Some("CAdapterSteamClient016"))
19:08:30 [DEBUG] (1) cs2_sdk::analysis::vtables: steamclient64.dll::SteamClient017 vtable @ steamclient64.dll+0x12E37D0 (37 methods, rtti=Some("CAdapterSteamClient017"))
19:08:30 [DEBUG] (1) cs2_sdk::analysis::vtables: steamclient64.dll::SteamClient018 vtable @ steamclient64.dll+0x12E3910 (40 methods, rtti=Some("CAdapterSteamClient018"))
19:08:30 [DEBUG] (1) cs2_sdk::analysis::vtables: steamclient64.dll::SteamClient019 vtable @ steamclient64.dll+0x12E3A80 (41 methods, rtti=Some("CAdapterSteamClient019"))
19:08:30 [DEBUG] (1) cs2_sdk::analysis::vtables: steamclient64.dll::SteamClient020 vtable @ steamclient64.dll+0x12E2728 (42 methods, rtti=Some("CAdapterSteamClient020"))
19:08:30 [DEBUG] (1) cs2_sdk::analysis::vtables: steamclient64.dll::SteamClient021 vtable @ steamclient64.dll+0x12E2890 (40 methods, rtti=Some("CAdapterSteamClient021"))
19:08:30 [DEBUG] (1) cs2_sdk::analysis::vtables: steamclient64.dll::SteamClient022 vtable @ steamclient64.dll+0x12E29E8 (39 methods, rtti=Some("CAdapterSteamClient022"))
19:08:30 [DEBUG] (1) cs2_sdk::analysis::vtables: steamclient64.dll::SteamClient023 vtable @ steamclient64.dll+0x12E2B48 (38 methods, rtti=Some("CAdapterSteamClient023"))
19:08:30 [DEBUG] (1) cs2_sdk::analysis::vtables: steamclient64.dll::p2pvoicesingleton002 vtable @ steamclient64.dll+0x1181088 (17 methods, rtti=Some("CP2PVoiceSingleton"))
19:08:30 [DEBUG] (1) cs2_sdk::analysis::vtables: tier0.dll::TestScriptMgr001 vtable @ tier0.dll+0x32CF40 (18 methods, rtti=Some("CTestScriptMgr"))
19:08:30 [DEBUG] (1) cs2_sdk::analysis::vtables: tier0.dll::VEngineCvar007 vtable @ tier0.dll+0x3121B8 (50 methods, rtti=Some("CCvar"))
19:08:30 [DEBUG] (1) cs2_sdk::analysis::vtables: tier0.dll::VProcessUtils002 vtable @ tier0.dll+0x32B2E0 (59 methods, rtti=Some("CProcessUtils"))
19:08:30 [DEBUG] (1) cs2_sdk::analysis::vtables: tier0.dll::VStringTokenSystem001 vtable @ tier0.dll+0x32FCA0 (13 methods, rtti=Some("CUtlStringTokenSystem"))
19:08:30 [DEBUG] (1) cs2_sdk::analysis::vtables: v8system.dll::Source2V8System001 vtable @ v8system.dll+0x2AF18 (19 methods, rtti=Some("CSource2V8System"))
19:08:30 [DEBUG] (1) cs2_sdk::analysis::vtables: vphysics2.dll::VPhysics2_Interface_001 vtable @ vphysics2.dll+0x3AD798 (169 methods, rtti=Some("CVPhysics2Interface"))
19:08:30 [DEBUG] (1) cs2_sdk::analysis::vtables: vscript.dll::VScriptManager010 vtable @ vscript.dll+0x129030 (59 methods, rtti=Some("CScriptManager"))
19:08:30 [DEBUG] (1) cs2_sdk::analysis::vtables: vstdlib_s64.dll::IVALIDATE001 vtable @ vstdlib_s64.dll+0x56840 (1 methods, rtti=Some("CVStdLibDLLValidate"))
19:08:30 [DEBUG] (1) cs2_sdk::analysis::vtables: vstdlib_s64.dll::VEngineCvar002 vtable @ vstdlib_s64.dll+0x4FE90 (13 methods, rtti=Some("CDefaultCvar"))
19:08:30 [DEBUG] (1) cs2_sdk::analysis::vtables: worldrenderer.dll::WorldRendererMgr001 vtable @ worldrenderer.dll+0x195E58 (102 methods, rtti=Some("CWorldRendererMgr"))
19:08:30 [INFO] dumped 129 interface vtables (7425 method slots, 129 class names recovered via RTTI) across 33 modules
19:08:48 [WARN] 37 signature(s) matched more than once in their .text section — consider tightening
